[18:07:40] [ServerMain/INFO]: Environment: authHost='https://authserver.mojang.com', accountsHost='https://api.mojang.com', sessionHost='https://sessionserver.mojang.com', servicesHost='https://api.minecraftservices.com', name='PROD'
[18:07:41] [ServerMain/INFO]: Loaded 7 recipes
[18:07:41] [Server thread/INFO]: Starting minecraft server version 1.20.1
[18:07:41] [Server thread/WARN]: ****************************
[18:07:41] [Server thread/WARN]: YOU ARE RUNNING THIS SERVER AS AN ADMINISTRATIVE OR ROOT USER. THIS IS NOT ADVISED.
[18:07:41] [Server thread/WARN]: YOU ARE OPENING YOURSELF UP TO POTENTIAL RISKS WHEN DOING THIS.
[18:07:41] [Server thread/WARN]: FOR MORE INFORMATION, SEE https://madelinemiller.dev/blog/root-minecraft-server/
[18:07:41] [Server thread/WARN]: ****************************
[18:07:41] [Server thread/INFO]: Loading properties
[18:07:41] [Server thread/INFO]: This server is running Purpur version git-Purpur-2035 (MC: 1.20.1) (Implementing API version 1.20.1-R0.1-SNAPSHOT) (Git: aeecb71 on HEAD)
[18:07:41] [Server thread/INFO]: Server Ping Player Sample Count: 12
[18:07:41] [Server thread/INFO]: Using 4 threads for Netty based IO
[18:07:41] [Server thread/INFO]: [ChunkTaskScheduler] Chunk system is using 1 I/O threads, 2 worker threads, and gen parallelism of 2 threads
[18:07:42] [Server thread/INFO]: [Pufferfish] Max SIMD vector size on this system is 256 bits (int)
[18:07:42] [Server thread/INFO]: [Pufferfish] Max SIMD vector size on this system is 256 bits (float)
[18:07:42] [Server thread/INFO]: [Pufferfish] SIMD operations detected as functional. Will replace some operations with faster versions.
[18:07:42] [Server thread/INFO]: Default game type: SURVIVAL
[18:07:42] [Server thread/INFO]: Generating keypair
[18:07:43] [Server thread/INFO]: Starting Minecraft server on 0.0.0.0:11774
[18:07:43] [Server thread/INFO]: Using epoll channel type
[18:07:43] [Server thread/INFO]: Paper: Using libdeflate (Linux x86_64) compression from Velocity.
[18:07:43] [Server thread/INFO]: Paper: Using OpenSSL 1.1.x (Linux x86_64) cipher from Velocity.
[18:07:43] [Server thread/INFO]: [ViaVersion] Loading server plugin ViaVersion v4.7.0
[18:07:43] [Server thread/INFO]: [ViaVersion] ViaVersion 4.7.0 is now loaded. Registering protocol transformers and injecting...
[18:07:44] [Via-Mappingloader-0/INFO]: [ViaVersion] Loading block connection mappings ...
[18:07:44] [Server thread/INFO]: [ViaBackwards] Loading translations...
[18:07:44] [Server thread/INFO]: [ViaBackwards] Registering protocols...
[18:07:44] [Via-Mappingloader-0/INFO]: [ViaVersion] Using FastUtil Long2ObjectOpenHashMap for block connections
[18:07:44] [Server thread/INFO]: [floodgate] Loading server plugin floodgate v2.2.2-SNAPSHOT (b91-492be77)
[18:07:45] [Server thread/INFO]: [floodgate] 成功启动 Floodgate，耗时532ms
[18:07:45] [Server thread/INFO]: [ViaBackwards] Loading server plugin ViaBackwards v4.7.0
[18:07:45] [Server thread/INFO]: [spark] Loading server plugin spark v1.10.43
[18:07:45] [Server thread/INFO]: [Geyser-Spigot] Loading server plugin Geyser-Spigot v2.1.2-SNAPSHOT
[18:07:45] [Server thread/INFO]: [Geyser-Spigot] 正在加载插件...
[18:07:45] [Server thread/INFO]: [Geyser-Spigot] 已加载 0 个插件
[18:07:45] [Server thread/INFO]: [ViaRewind-Legacy-Support] Loading server plugin ViaRewind-Legacy-Support v1.4.2
[18:07:45] [Server thread/INFO]: [ViaRewind] Loading server plugin ViaRewind v2.0.3
[18:07:45] [Server thread/INFO]: Server permissions file permissions.yml is empty, ignoring it
[18:07:45] [Server thread/INFO]: [ViaRewind] Enabling ViaRewind v2.0.3
[18:07:45] [Server thread/WARN]: **** SERVER IS RUNNING IN OFFLINE/INSECURE MODE!
[18:07:45] [Server thread/WARN]: The server will make no attempt to authenticate usernames. Beware.
[18:07:45] [Server thread/WARN]: While this makes the game possible to play without internet access, it also opens up the ability for hackers to connect with any username they choose.
[18:07:45] [Server thread/WARN]: To change this, set "online-mode" to "true" in the server.properties file.
[18:07:45] [Server thread/INFO]: Preparing level "world"
[18:07:46] [Server thread/INFO]: Preparing start region for dimension minecraft:overworld
[18:07:46] [Server thread/INFO]: Time elapsed: 197 ms
[18:07:46] [Server thread/INFO]: Preparing start region for dimension minecraft:the_nether
[18:07:46] [Server thread/INFO]: Time elapsed: 24 ms
[18:07:46] [Server thread/INFO]: Preparing start region for dimension minecraft:the_end
[18:07:46] [Server thread/INFO]: Time elapsed: 31 ms
[18:07:46] [Server thread/INFO]: [ViaVersion] Enabling ViaVersion v4.7.0
[18:07:46] [Server thread/INFO]: [ViaVersion] ViaVersion detected server version: 1.20 (763)
[18:07:46] [Server thread/INFO]: [floodgate] Enabling floodgate v2.2.2-SNAPSHOT (b91-492be77)
[18:07:47] [Server thread/INFO]: [ViaBackwards] Enabling ViaBackwards v4.7.0
[18:07:47] [Server thread/INFO]: [spark] Enabling spark v1.10.43
[18:07:47] [Server thread/INFO]: [spark] Using Paper ServerTickStartEvent for tick monitoring
[18:07:47] [Server thread/INFO]: [spark] Starting background profiler...
[18:07:47] [Server thread/INFO]: [Geyser-Spigot] Enabling Geyser-Spigot v2.1.2-SNAPSHOT
[18:07:47] [Server thread/INFO]: [ViaRewind-Legacy-Support] Enabling ViaRewind-Legacy-Support v1.4.2
[18:07:47] [Server thread/INFO]: [Geyser-Spigot] ******************************************
[18:07:47] [Server thread/INFO]: [Geyser-Spigot] 
[18:07:47] [Server thread/INFO]: [Geyser-Spigot] 加载 Geyser 中, 版本 2.1.2-SNAPSHOT (git-master-9412755)
[18:07:47] [Server thread/INFO]: [Geyser-Spigot] 
[18:07:47] [Server thread/INFO]: [Geyser-Spigot] ******************************************
[18:07:51] [Server thread/INFO]: [Geyser-Spigot] Geyser正在启动 0.0.0.0:11774
[18:07:51] [Server thread/INFO]: [Geyser-Spigot] 完成 (3.812s)! 执行/geyser help 来获取帮助信息!
[18:07:51] [Server thread/INFO]: Running delayed init tasks
[18:07:51] [Craft Scheduler Thread - 2 - ViaVersion/INFO]: [ViaVersion] Finished mapping loading, shutting down loader executor!
[18:07:51] [Server thread/INFO]: Done (9.805s)! For help, type "help"
[18:09:07] [Server thread/INFO]: Seed: [3764633456042093795]
[21:00:18] [Server thread/INFO]: Stopping the server
[21:00:18] [Server thread/INFO]: Stopping server
[21:00:18] [Server thread/INFO]: [ViaRewind] Disabling ViaRewind v2.0.3
[21:00:18] [Server thread/INFO]: [ViaRewind-Legacy-Support] Disabling ViaRewind-Legacy-Support v1.4.2
[21:00:18] [Server thread/INFO]: [Geyser-Spigot] Disabling Geyser-Spigot v2.1.2-SNAPSHOT
[21:00:18] [Server thread/INFO]: [Geyser-Spigot] Geyser关闭中
[21:00:18] [Server thread/INFO]: [Geyser-Spigot] Geyser成功关闭.
[21:00:18] [Server thread/INFO]: [spark] Disabling spark v1.10.43
[21:00:18] [Server thread/INFO]: [ViaBackwards] Disabling ViaBackwards v4.7.0
[21:00:18] [Server thread/INFO]: [floodgate] Disabling floodgate v2.2.2-SNAPSHOT (b91-492be77)
[21:00:18] [Server thread/INFO]: [ViaVersion] Disabling ViaVersion v4.7.0
[21:00:18] [Server thread/INFO]: [ViaVersion] ViaVersion is disabling, if this is a reload and you experience issues consider rebooting.
[21:00:18] [Server thread/INFO]: Saving players
[21:00:18] [Server thread/INFO]: Saving worlds
[21:00:18] [Server thread/INFO]: Saving chunks for level 'ServerLevel[world]'/minecraft:overworld
[21:00:18] [Server thread/INFO]: [ChunkHolderManager] Waiting 60s for chunk system to halt for world 'world'
[21:00:18] [Server thread/INFO]: [ChunkHolderManager] Halted chunk system for world 'world'
[21:00:18] [Server thread/INFO]: [ChunkHolderManager] Saving all chunkholders for world 'world'
[21:00:19] [Server thread/INFO]: [ChunkHolderManager] Saved 1 block chunks, 82 entity chunks, 0 poi chunks in world 'world' in 0.01s
[21:00:19] [Server thread/INFO]: ThreadedAnvilChunkStorage (world): All chunks are saved
[21:00:19] [Server thread/INFO]: Saving chunks for level 'ServerLevel[world_nether]'/minecraft:the_nether
[21:00:19] [Server thread/INFO]: [ChunkHolderManager] Waiting 60s for chunk system to halt for world 'world_nether'
[21:00:19] [Server thread/INFO]: [ChunkHolderManager] Halted chunk system for world 'world_nether'
[21:00:19] [Server thread/INFO]: [ChunkHolderManager] Saving all chunkholders for world 'world_nether'
[21:00:19] [Server thread/INFO]: [ChunkHolderManager] Saved 0 block chunks, 7 entity chunks, 0 poi chunks in world 'world_nether' in 0.00s
[21:00:19] [Server thread/INFO]: ThreadedAnvilChunkStorage (DIM-1): All chunks are saved
[21:00:19] [Server thread/INFO]: Saving chunks for level 'ServerLevel[world_the_end]'/minecraft:the_end
[21:00:19] [Server thread/INFO]: [ChunkHolderManager] Waiting 60s for chunk system to halt for world 'world_the_end'
[21:00:19] [Server thread/INFO]: [ChunkHolderManager] Halted chunk system for world 'world_the_end'
[21:00:19] [Server thread/INFO]: [ChunkHolderManager] Saving all chunkholders for world 'world_the_end'
[21:00:19] [Server thread/INFO]: [ChunkHolderManager] Saved 10 block chunks, 10 entity chunks, 0 poi chunks in world 'world_the_end' in 0.01s
[21:00:19] [Server thread/INFO]: ThreadedAnvilChunkStorage (DIM1): All chunks are saved
[21:00:19] [Server thread/INFO]: ThreadedAnvilChunkStorage: All dimensions are saved
[21:00:19] [Server thread/INFO]: Flushing Chunk IO
[21:00:19] [Server thread/INFO]: Closing Thread Pool
[21:00:19] [Server thread/INFO]: Closing Server
